0.604576   1.094090   1.617175   2.448800   3.032904   3.271688   2.454532   2.642581   3.029399   3.004516   3.336227   3.321081   7.151413   8.646861   8.977534   10.615804   11.510954   11.974745 
0.526394   0.944323   1.474376   2.226276   2.749762   3.016617   2.306252   2.575088   2.948751   2.952072   3.523441   3.503038   7.508600   9.009675   9.369606   10.692254   11.524792   11.895993 
0.512400   0.932897   1.390684   2.139951   2.704374   2.983995   2.360240   2.491863   2.987964   2.830165   3.299484   3.383959   7.122269   8.642110   9.058972   10.533159   11.485737   11.862768 
0.537621   0.960234   1.479368   2.223444   2.727825   2.995076   2.367345   2.557502   2.915951   3.050847   3.448129   3.528975   7.420920   8.972413   9.282514   10.679323   11.519648   11.925800 
0.533247   1.051942   1.553906   2.364853   2.922453   3.154561   2.430260   2.624064   3.055291   3.018353   3.483641   3.534923   7.489829   8.913936   9.228392   10.648820   11.531129   11.889038 
0.572867   1.062172   1.593581   2.371271   2.968788   3.119833   2.476171   2.642581   3.025902   2.995076   3.397848   3.529767   7.332699   8.782044   9.068765   10.573653   11.487310   11.853339 
0.570374   1.062172   1.584909   2.348961   2.880703   3.119833   2.363077   2.601926   2.991373   2.994220   3.517531   3.580795   7.460519   8.871201   9.470093   10.656937   11.470032   11.866753 
0.470805   0.982549   1.523207   2.303550   2.835011   3.083140   2.321228   2.527907   2.906253   3.001935   3.472681   3.493701   7.591500   9.022596   9.260994   10.667101   11.479450   11.909504 
0.577410   1.055330   1.532110   2.332242   2.855599   3.176540   2.485563   2.626693   3.076808   3.061536   3.383595   3.430082   7.230312   8.831353   9.103210   10.586330   11.492031   11.849572 
0.487257   0.960938   1.410893   2.149602   2.676760   2.989952   2.390371   2.532792   2.963195   3.003655   3.482484   3.484413   7.226575   8.762474   9.154871   10.629928   11.500696   11.910772 
0.528516   0.968035   1.427022   2.155789   2.696955   2.931440   2.377364   2.575088   2.976654   2.956233   3.336227   3.402626   7.230312   8.761253   9.228392   10.681362   11.441481   11.854805 
0.464465   0.873231   1.413937   2.198273   2.695106   2.922453   2.294142   2.423893   2.847328   2.914330   3.301042   3.259484   7.222841   8.712721   9.111120   10.597698   11.502273   11.796457 
0.551186   1.023201   1.535700   2.335359   2.913790   3.134756   2.381684   2.624064   2.986829   2.947094   3.215011   3.215176   7.152633   8.594885   8.941172   10.521929   11.437191   11.820143 
0.644405   1.187246   1.697824   2.608398   3.152032   3.308855   2.575088   2.720747   3.189100   3.189100   3.756317   3.840469   7.755740   9.187290   9.415881   10.716157   11.546207   11.926648 
0.452284   0.856680   1.373920   2.136463   2.734465   2.820269   2.288801   2.447656   2.826858   2.845525   3.299484   3.375969   7.595625   8.907626   9.276355   10.676604   11.545015   11.877044 
0.528943   0.937568   1.490301   2.232913   2.780877   3.038470   2.419791   2.595485   2.982298   3.063325   3.630175   3.647221   7.261607   8.821447   9.229407   10.649496   11.525188   11.882302 
0.464465   0.873231   1.392901   2.237678   2.933353   3.030566   2.355998   2.556255   2.923539   2.956233   3.353297   3.493313   7.489829   8.924051   9.244664   10.665744   11.544618   11.879778 
0.567411   1.025603   1.492847   2.201041   2.815725   3.070501   2.361658   2.581428   3.031735   3.009690   3.534129   3.526996   7.496522   9.022596   9.307232   10.697026   11.514114   11.900634 
0.462825   0.870332   1.392901   2.170066   2.716518   2.828638   2.296822   2.411628   2.738273   2.720042   3.115199   3.165672   7.304605   8.729646   9.095314   10.583659   11.514905   11.870112 
0.527241   0.973789   1.471892   2.231013   2.789755   3.047300   2.364498   2.577620   2.976654   2.918386   3.174137   3.398950   7.123478   8.605466   9.064845   10.565663   11.454370   11.837240 
0.563024   1.049416   1.594550   2.459137   3.023576   3.170777   2.460676   2.655968   2.991373   3.079518   3.633319   3.753852   7.573680   8.950713   9.287653   10.675246   11.553363   11.870532 
0.569878   1.055330   1.542931   2.341617   2.944335   3.168861   2.402053   2.576354   3.041114   2.811196   3.190555   3.249048   7.127110   8.569131   8.956447   10.534482   11.451243   11.817021 
0.475243   0.882640   1.381159   2.219678   2.910555   2.962079   2.328099   2.509756   2.900893   2.901428   3.355980   3.542486   7.500544   8.931652   9.256906   10.652201   11.540647   11.878306 
0.572867   1.049416   1.594550   2.426136   2.953181   3.232355   2.462217   2.669491   2.968788   3.137570   3.687624   3.675345   7.594250   9.014839   9.572758   10.600377   11.517671   11.886722 
0.449801   0.839129   1.368898   2.109811   2.727825   2.802181   2.224072   2.390734   2.764260   2.717222   3.071400   3.182969   7.145322   8.711515   9.014193   10.537790   11.457108   11.869272 
0.561096   1.046901   1.544750   2.446514   2.975528   3.148877   2.424266   2.580157   3.013149   3.075905   3.475559   3.447751   7.388240   8.864951   9.129961   10.580322   11.448508   11.876204 
0.538505   0.951866   1.420065   2.153133   2.725934   3.029691   2.329479   2.538925   2.981168   2.944611   3.374883   3.415186   7.159959   8.639736   9.085463   10.535143   11.487703   11.880198 
0.484018   0.944323   1.407107   2.171864   2.677671   2.938011   2.410889   2.501374   3.025902   3.034952   3.425599   3.473640   7.310971   8.867450   9.249761   10.711368   11.475916   11.866124 
0.557279   1.011358   1.485235   2.276544   2.973278   3.159313   2.504561   2.749282   3.204694   3.159313   3.792318   3.831114   7.520717   9.032959   9.365421   10.725749   11.479057   11.872002 
0.516031   0.975238   1.495402   2.289467   2.773032   3.147932   2.499784   2.647919   3.063623   2.987396   3.395098   3.457984   6.971915   8.520390   8.973693   10.523909   11.447727   11.837240 
0.523033   1.036962   1.607259   2.392916   2.881759   3.219453   2.421281   2.638591   2.989099   2.918386   3.300003   3.377782   7.247804   8.744206   9.050176   10.482484   11.414237   11.893884 
0.529798   0.973789   1.474376   2.246307   2.803679   2.978063   2.457600   2.603217   3.005090   2.977217   3.320906   3.326349   7.090962   8.613713   9.052129   10.571655   11.498332   11.867803 
0.517662   0.958129   1.393642   2.178180   2.715580   2.998502   2.421281   2.589077   3.021252   2.962079   3.311990   3.363336   7.075412   8.593711   9.007418   10.541763   11.442262   11.922410 
0.588294   1.055330   1.600391   2.398390   2.944335   3.168861   2.446895   2.677671   3.086468   3.125413   3.504013   3.665922   7.418295   8.861206   9.172890   10.633297   11.522417   11.869482 
0.490172   0.944323   1.447510   2.247270   2.702515   3.050847   2.415332   2.658661   3.098629   2.989099   3.398399   3.451913   6.991672   8.505416   8.950713   10.477247   11.450071   11.886932 
0.528943   0.975964   1.506575   2.258888   2.793719   3.112425   2.453001   2.620130   3.003942   3.024448   3.447562   3.484799   7.084973   8.625522   9.045297   10.515334   11.474347   11.864865 
0.577919   1.051942   1.634314   2.421654   3.034074   3.180394   2.433267   2.710900   2.972154   3.111501   3.637100   3.720114   7.765792   9.163204   9.436004   10.702485   11.537076   11.936619 
0.501040   0.946368   1.423149   2.183623   2.722160   3.055291   2.402053   2.607101   3.088892   3.119833   3.689571   3.677494   7.398666   8.830114   9.327931   10.705217   11.538663   11.886090 
0.521783   0.953251   1.492847   2.220618   2.799687   2.993366   2.272925   2.553765   2.915951   2.883872   3.330928   3.415557   7.335264   8.798009   9.090386   10.573653   11.499120   11.906123 
0.531086   0.957429   1.491149   2.244384   2.791736   3.104133   2.515777   2.598057   3.015460   2.946266   3.304163   3.360461   6.904204   8.519236   9.271229   10.376162   11.443823   11.852920 
0.527241   0.989223   1.476036   2.239590   2.741136   3.112425   2.350365   2.575088   2.956511   2.940482   3.268628   3.410003   7.090962   8.733282   9.020979   10.538452   11.457499   11.856061 
0.500657   0.961643   1.422377   2.181806   2.698806   2.980603   2.418303   2.527907   3.018933   3.018353   3.632690   3.668060   7.312245   8.745421   9.245683   10.662355   11.545015   11.868852 
0.570374   1.069976   1.680410   2.467238   3.162171   3.241348   2.525472   2.673575   3.030566   2.946266   3.301562   3.303295   7.220355   8.636178   8.966020   10.555027   11.437971   11.833065 
0.563508   1.026406   1.504845   2.240547   2.903034   3.133819   2.358824   2.705304   3.052919   3.045530   3.492925   3.615364   7.279250   8.818974   9.115080   10.580322   11.478272   11.890091 
0.517662   0.956032   1.427022   2.219678   2.748801   3.059749   2.465304   2.655968   3.060047   2.970470   3.332515   3.446240   6.928153   8.465361   8.921204   10.484449   11.453979   11.843507 
0.479064   0.929589   1.371046   2.117480   2.681323   2.939658   2.353178   2.534016   2.997073   2.794712   3.219948   3.343318   6.995170   8.555148   8.966020   10.485105   11.411131   11.883985 
0.515625   0.932897   1.423922   2.173665   2.729719   3.031443   2.298165   2.547561   2.944335   3.008826   3.521075   3.576317   7.451242   8.935458   9.383230   10.699755   11.529940   11.880619 
0.557279   1.034507   1.544750   2.307606   2.794712   3.136632   2.337788   2.596771   2.978909   2.884666   3.279362   3.264219   7.230312   8.707898   8.988115   10.537129   11.437971   11.910138 
0.553981   1.012921   1.540212   2.315760   2.856636   3.153612   2.403521   2.645247   3.069602   3.087680   3.464077   3.607073   7.295711   8.874956   9.479724   10.552372   11.510560   11.886722 
0.576394   1.061312   1.550231   2.336399   2.903034   3.159313   2.460676   2.643913   3.007388   3.105052   3.644685   3.655273   7.662229   9.085135   9.352891   10.688848   11.517671   11.927284 
0.562541   1.012139   1.486077   2.213119   2.776949   3.058856   2.388919   2.538925   3.013149   3.015749   3.460076   3.390158   7.212905   8.707898   9.124995   10.597029   11.524792   11.846643 
0.524288   0.986245   1.573493   2.345808   2.909478   3.097713   2.402053   2.578888   2.997073   3.041114   3.485378   3.484799   7.430122   8.911411   9.182932   10.599707   11.480628   11.899368 
0.430874   0.766503   1.243567   2.099672   2.578466   2.847844   2.367345   2.535242   2.877541   3.022704   3.324064   3.400052   6.789097   8.341893   8.931652   10.555691   11.483379   11.854386 
0.522199   0.966608   1.407863   2.213119   2.691417   3.021833   2.360240   2.629328   3.015460   3.113349   3.599643   3.720554   7.370065   8.897548   9.285597   10.699073   11.529544   11.908659 
0.421183   0.769654   1.217575   2.010307   2.523851   2.760864   2.306252   2.514571   2.852492   2.886254   3.259991   3.249048   6.949965   8.396445   8.942126   10.541763   11.487310   11.932162 
0.530227   0.975238   1.452321   2.227222   2.774989   3.040232   2.329479   2.560000   2.889170   2.989952   3.388515   3.266592   7.247804   8.841282   9.118052   10.609091   11.473562   11.911618 
0.536301   0.970185   1.414700   2.176372   2.773032   3.017485   2.280835   2.563756   3.016617   2.930620   3.384141   3.388698   7.170976   8.755157   9.059950   10.521269   11.399501   11.898313 
0.534988   0.956730   1.388475   2.162904   2.744963   2.987396   2.325346   2.581428   2.888109   2.885460   3.398950   3.457984   7.185719   8.669500   9.123010   10.630602   11.499514   11.887774 
0.431158   0.777414   1.188862   2.037653   2.527907   2.782107   2.302201   2.448800   2.844239   2.879121   3.211073   3.314782   6.856799   8.323133   8.944986   10.572987   11.511349   11.883564 
0.564966   1.063033   1.579181   2.378802   2.836033   3.189100   2.380242   2.576354   2.992511   3.046415   3.518711   3.506161   7.492504   8.900065   9.208132   10.650172   11.527564   11.884406 
0.574877   1.068231   1.646633   2.485955   3.118287   3.254426   2.487135   2.674939   3.043467   2.912711   3.281928   3.248377   7.179569   8.590191   8.970814   10.539776   11.447336   11.860671 
0.573368   1.030440   1.530321   2.253064   2.839105   3.130078   2.347558   2.580157   2.981168   2.970470   3.495836   3.474023   7.361011   8.807862   9.118052   10.597698   11.511349   11.887353 
0.558228   1.036962   1.690161   2.612297   3.228374   3.302602   2.525472   2.726407   3.094970   3.155510   3.561134   3.775931   8.198405   9.414119   9.797487   11.003618   11.677199   12.012685 
0.518071   0.962349   1.402590   2.094638   2.696955   2.952072   2.333626   2.531569   2.904106   3.011419   3.470957   3.434576   7.201758   8.607820   9.065825   10.588334   11.479057   11.929616 
0.547502   1.012139   1.486077   2.238634   2.809689   3.136632   2.421281   2.571300   3.054105   2.881495   3.240847   3.303642   7.100565   8.586674   8.993897   10.520610   11.447727   11.844970 
0.662649   1.206924   1.824245   2.685902   3.300176   3.412223   2.619694   2.809689   3.181359   3.208617   3.763058   3.838126   7.955812   9.387431   9.669865   10.959054   11.685739   12.009890 
0.533247   0.947737   1.481877   2.227222   2.807683   3.102296   2.341965   2.626693   2.992511   3.003655   3.457224   3.544882   7.357137   8.818974   9.292797   10.699073   11.546604   11.875993 
0.543867   1.005153   1.491149   2.280505   2.821787   3.059749   2.419791   2.547561   3.068404   2.981450   3.583038   3.623693   7.507256   8.992933   9.358108   10.714104   11.557740   11.902322 
0.543867   1.050256   1.660190   2.475392   3.007388   3.217478   2.487135   2.666775   3.057667   3.099545   3.526996   3.695639   8.090864   9.327585   9.724795   10.985605   11.711844   11.985010 
0.530656   0.955335   1.447510   2.141699   2.738273   2.972154   2.266375   2.497799   2.884930   2.799188   3.263034   3.312687   7.104173   8.636178   9.100247   10.542426   11.476309   11.837657 
0.522616   0.961643   1.477700   2.251129   2.826858   3.131947   2.510958   2.666775   3.105972   3.144156   3.670200   3.728933   7.316072   8.789405   9.218251   10.646117   11.528752   11.865075 
0.611343   1.102372   1.644567   2.494234   3.098629   3.234349   2.501374   2.635938   3.075604   3.013149   3.337288   3.479018   7.216628   8.640923   9.019039   10.593014   11.437971   11.816813 
0.609637   1.133841   1.603327   2.375569   3.013149   3.309899   2.514169   2.727825   3.144470   3.181359   3.696725   3.681798   7.452566   8.872452   9.190981   10.627235   11.521231   11.881250 
0.601248   1.112666   1.671837   2.455681   3.066012   3.273731   2.495025   2.716518   3.093753   3.120762   3.483063   3.598819   7.355847   8.907626   9.126981   10.595690   11.467680   11.910561 
0.534551   0.953251   1.387740   2.139078   2.661360   2.971312   2.419791   2.537696   3.009690   3.009690   3.444165   3.486344   7.052806   8.543531   9.026803   10.588334   11.635492   12.013975 
0.528090   0.940258   1.414700   2.235770   2.753613   3.043762   2.374493   2.575088   2.870190   3.007101   3.433451   3.482099   7.277987   8.804165   9.138913   10.547728   11.446165   11.883775 
0.525971   0.986988   1.478534   2.210320   2.725934   3.096799   2.383127   2.587799   3.013149   3.050847   3.495836   3.566585   7.385638   8.858710   9.379034   10.697026   11.537869   11.875363 
0.499132   0.962349   1.409376   2.154018   2.743048   2.968788   2.386019   2.542619   2.995931   3.018353   3.385233   3.435326   6.998672   8.531945   9.011288   10.537790   11.486130   11.877255 
0.527241   0.955335   1.416995   2.124344   2.740181   2.968788   2.322599   2.577620   2.997073   3.001076   3.473831   3.429334   7.239047   8.815267   9.129961   10.626562   11.504640   11.935133 
0.529370   1.020016   1.499680   2.279513   2.810693   3.201759   2.561668   2.706701   3.097408   3.159313   3.605212   3.696942   7.348115   8.806629   9.256906   10.650848   11.531922   11.875153 
0.557279   1.035324   1.527646   2.313716   2.855599   3.155510   2.380242   2.610996   3.024738   2.985695   3.421129   3.569418   7.254071   8.837556   9.120035   10.617819   11.473170   11.912464 
0.465455   0.842365   1.385539   2.293473   2.891294   3.007101   2.351770   2.525472   2.959849   2.978063   3.349548   3.340123   7.299520   8.734494   9.078580   10.578320   11.465721   11.836822 
0.565941   1.038605   1.543840   2.316783   2.975528   3.147932   2.380242   2.670851   3.068404   2.928983   3.368919   3.454946   7.249056   8.676674   8.973693   10.543088   11.445384   11.846434 
0.468784   0.861183   1.386272   2.248233   2.825843   2.976372   2.302201   2.571300   2.910555   2.800684   3.163602   3.138196   7.226575   8.734494   8.988115   10.502827   11.425508   11.913521 
0.511600   0.934893   1.398101   2.235770   2.701587   2.985695   2.326722   2.507355   3.013149   2.978909   3.469808   3.536513   7.190646   8.795549   9.222304   10.603726   11.486130   11.826184 
0.456061   0.840744   1.405598   2.262788   2.738273   2.865745   2.292805   2.469562   2.781861   2.925714   3.314607   3.412223   7.543712   9.030366   9.300009   10.656937   11.513324   11.915425 
0.510803   1.020810   1.524980   2.312695   2.881759   3.238345   2.573403   2.760864   3.146987   3.276800   3.797125   3.861210   7.452566   9.058972   9.334158   10.708633   11.550181   11.929404 
0.562058   1.021606   1.510916   2.308622   2.829910   3.155510   2.597199   2.791736   3.189100   3.198829   3.534129   3.519105   7.087367   8.693459   9.044321   10.544413   11.425897   11.887564 
0.528516   0.954639   1.423922   2.136463   2.768152   3.007101   2.364498   2.600635   3.036417   2.863397   3.303122   3.547680   6.913308   8.525008   9.274304   10.512699   11.451634   11.846852 
0.475243   0.865162   1.389210   2.167375   2.793719   2.851716   2.378802   2.527907   2.830929   2.765232   3.057073   3.247371   7.173429   8.659953   8.994862   10.555027   11.468072   11.847898 
0.527665   0.944323   1.465310   2.201041   2.760379   3.076808   2.296822   2.550039   2.992511   2.861834   3.259484   3.364415   7.062307   8.586674   8.962188   10.542426   11.447336   11.880198 
0.462825   0.848362   1.377530   2.193674   2.727825   2.811950   2.323972   2.459137   2.782845   2.732802   2.989099   3.141330   7.250309   8.706692   9.000652   10.526550   11.428232   11.876414 
0.522616   0.982549   1.591645   2.350013   2.968788   3.132883   2.377364   2.645247   2.972154   2.924898   3.281928   3.299484   7.241547   8.682661   8.967937   10.518631   11.449680   11.882302 
0.457654   0.851117   1.375362   2.196431   2.779894   2.837824   2.304900   2.454532   2.805680   2.875963   3.053957   3.314433   7.888478   9.253502   9.579317   10.914140   11.651249   12.013115 
0.478016   0.903322   1.462857   2.201041   2.923539   2.995931   2.319858   2.587799   2.931167   2.923267   3.481328   3.558918   7.670636   9.102222   9.368559   10.703851   11.535490   11.924529 
0.486895   0.848912   1.362495   2.190008   2.709966   2.945438   2.275556   2.494234   2.852492   2.968788   3.396198   3.525020   7.434073   8.960912   9.227377   10.650172   11.507796   11.926860 
0.562541   1.030440   1.528536   2.309639   2.815725   3.192984   2.397659   2.604511   2.998216   3.090410   3.576926   3.487503   7.511289   9.049850   9.306199   10.702485   11.517276   11.904011 
0.412955   0.764714   1.227841   2.007997   2.563338   2.807432   2.380242   2.553765   2.933353   3.124482   3.744914   3.849869   7.367476   8.730858   9.229407   10.666423   11.524396   11.925165 
0.597956   1.100521   1.636355   2.518194   3.058856   3.214519   2.533608   2.692799   3.058856   3.150769   3.436827   3.572255   7.873670   9.194003   9.535760   10.893589   11.662183   11.994221 
0.422813   0.770558   1.265785   2.064126   2.665871   2.880703   2.439305   2.628010   3.020092   3.047300   3.398950   3.556504   6.727031   8.375208   8.907941   10.504800   11.375541   11.921140 